<?xml version="1.0" encoding="utf-8"?><testsuites name="pytest tests"><testsuite name="pytest" errors="0" failures="0" skipped="0" tests="15" time="5.764" timestamp="2026-04-21T21:11:23.533673+00:00" hostname="agent-env-47b440d3-660f-48d5-b8c0-ef5522d7a8e1"><testcase classname="tests.test_cloudbrowse_api.TestHealth" name="test_health_ok_worker_not_configured" time="0.177" /><testcase classname="tests.test_cloudbrowse_api.TestHealth" name="test_root" time="0.054" /><testcase classname="tests.test_cloudbrowse_api.TestReaderValidation" name="test_empty_url" time="0.052" /><testcase classname="tests.test_cloudbrowse_api.TestReaderValidation" name="test_localhost_blocked" time="0.049" /><testcase classname="tests.test_cloudbrowse_api.TestReaderValidation" name="test_cloud_metadata_blocked" time="0.050" /><testcase classname="tests.test_cloudbrowse_api.TestReaderValidation" name="test_ftp_scheme_blocked" time="0.059" /><testcase classname="tests.test_cloudbrowse_api.TestReaderValidation" name="test_private_ip_blocked" time="0.048" /><testcase classname="tests.test_cloudbrowse_api.TestReaderSuccess" name="test_open_wikipedia_safari" time="1.312" /><testcase classname="tests.test_cloudbrowse_api.TestReaderSuccess" name="test_auto_add_https_scheme" time="0.352" /><testcase classname="tests.test_cloudbrowse_api.TestReaderSuccess" name="test_non_html_pdf_returns_422" time="0.447" /><testcase classname="tests.test_cloudbrowse_api.TestReaderSuccess" name="test_reader_html_is_sanitized" time="0.869" /><testcase classname="tests.test_cloudbrowse_api.TestLiveMode" name="test_live_start_503_when_no_worker" time="0.056" /><testcase classname="tests.test_cloudbrowse_api.TestLiveMode" name="test_live_start_ssrf_runs_before_worker_check" time="0.050" /><testcase classname="tests.test_cloudbrowse_api.TestLiveMode" name="test_live_frame_503_when_no_worker" time="0.051" /><testcase classname="tests.test_cloudbrowse_api.TestRateLimit" name="test_reader_rate_limit_429" time="2.063" /></testsuite></testsuites>